<?xml version="1.0" encoding="UTF-8"?>
<!-- Generated by org.testng.reporters.JUnitReportReporter -->
<testsuite hostname="LAPTOP-4KBQ3E71" failures="0" tests="1" name="com.ashtvivah.RunnerTest" time="17.275" errors="0" timestamp="2023-02-14T15:00:48 IST" skipped="0">
  <testcase classname="com.ashtvivah.RunnerTest" name="runScenario" time="17.275"/>
  <system-out/>
</testsuite> <!-- com.ashtvivah.RunnerTest -->
