<?xml version="1.0" encoding="UTF-8"?>
<!-- Generated by org.testng.reporters.JUnitReportReporter -->
<testsuite hostname="LAPTOP-4KBQ3E71" failures="0" tests="1" name="com.ashtvivah.RunnerTest" time="8.429" errors="0" timestamp="2023-02-15T23:16:17 IST" skipped="0">
  <testcase classname="com.ashtvivah.RunnerTest" name="runScenario" time="8.429"/>
  <system-out/>
</testsuite> <!-- com.ashtvivah.RunnerTest -->
